[
    {
        "Name": "jgravalo-dockernet",
        "Id": "302e4925f33d467c82e12f5fc2c4634cd0312188c8553221c5aff4e7e1389a7d",
        "Created": "2024-09-24T16:34:19.997401347+02:00",
        "Scope": "local",
        "Driver": "bridge",
        "EnableIPv6": false,
        "IPAM": {
            "Driver": "default",
            "Options": null,
            "Config": [
                {
                    "Subnet": "172.20.0.0/16",
                    "Gateway": "172.20.0.1"
                }
            ]
        },
        "Internal": false,
        "Attachable": false,
        "Ingress": false,
        "ConfigFrom": {
            "Network": ""
        },
        "ConfigOnly": false,
        "Containers": {
            "50d170209502cdb89242223975454a3196564af937d76db9dfa656f42de8e62b": {
                "Name": "mariadb",
                "EndpointID": "a1715b635f72a79de19b724b15d057ae1ff3a5d7c230e6076ea01a85db7de5e7",
                "MacAddress": "02:42:ac:14:00:03",
                "IPv4Address": "172.20.0.3/16",
                "IPv6Address": ""
            },
            "72423d6db00ca03d91aa40727e024e1fb0e95cec37faa03ebf9e7fe62270e5b3": {
                "Name": "wordpress",
                "EndpointID": "5babc02c1068eb0ead7348e7f7d3b0d5db324bc5ae0454172416291204bb4bbe",
                "MacAddress": "02:42:ac:14:00:04",
                "IPv4Address": "172.20.0.4/16",
                "IPv6Address": ""
            },
            "b8abf1810e115290ccec49b4910f33260154c442078cbbc29fa7aca9537b1a46": {
                "Name": "nginx",
                "EndpointID": "ebd8e61bdd259f1f6ce68197e29ed78c100e57b3561458407cb970a9641ceed5",
                "MacAddress": "02:42:ac:14:00:02",
                "IPv4Address": "172.20.0.2/16",
                "IPv6Address": ""
            }
        },
        "Options": {},
        "Labels": {
            "com.docker.compose.network": "jgravalo-dockernet",
            "com.docker.compose.project": "srcs",
            "com.docker.compose.version": "2.21.0"
        }
    }
]
