Error: RuntimeException: Failed to get url 'https://api.wordpress.org/core/version-check/1.7/?locale=en_US': stream_socket_client(): unable to connect to ssl://api.wordpress.org:443 (Connection timed out).
Error: This does not seem to be a WordPress installation.
The used path is: /var/www/html/
Pass --path=`path/to/wordpress` or run `wp core download`.
Error: This does not seem to be a WordPress installation.
The used path is: /var/www/html/
Pass --path=`path/to/wordpress` or run `wp core download`.
Error: This does not seem to be a WordPress installation.
The used path is: /var/www/html/
Pass --path=`path/to/wordpress` or run `wp core download`.
Error: This does not seem to be a WordPress installation.
The used path is: /var/www/html/
Pass --path=`path/to/wordpress` or run `wp core download`.
[20-Aug-2024 12:56:32] ERROR: [/etc/php/7.3/fpm/pool.d/wp.conf:1] value is NULL for a ZEND_INI_PARSER_ENTRY
[20-Aug-2024 12:56:32] ERROR: Unable to include /etc/php/7.3/fpm/pool.d/wp.conf from /etc/php/7.3/fpm/php-fpm.conf at line 1
[20-Aug-2024 12:56:32] ERROR: failed to load configuration file '/etc/php/7.3/fpm/php-fpm.conf'
[20-Aug-2024 12:56:32] ERROR: FPM initialization failed
Error: RuntimeException: Failed to get url 'https://api.wordpress.org/core/version-check/1.7/?locale=en_US': stream_socket_client(): unable to connect to ssl://api.wordpress.org:443 (Connection timed out).
Error: This does not seem to be a WordPress installation.
The used path is: /var/www/html/
Pass --path=`path/to/wordpress` or run `wp core download`.
Error: This does not seem to be a WordPress installation.
The used path is: /var/www/html/
Pass --path=`path/to/wordpress` or run `wp core download`.
Error: This does not seem to be a WordPress installation.
The used path is: /var/www/html/
Pass --path=`path/to/wordpress` or run `wp core download`.
Error: This does not seem to be a WordPress installation.
The used path is: /var/www/html/
Pass --path=`path/to/wordpress` or run `wp core download`.
[20-Aug-2024 12:56:46] ERROR: [/etc/php/7.3/fpm/pool.d/wp.conf:1] value is NULL for a ZEND_INI_PARSER_ENTRY
[20-Aug-2024 12:56:46] ERROR: Unable to include /etc/php/7.3/fpm/pool.d/wp.conf from /etc/php/7.3/fpm/php-fpm.conf at line 1
[20-Aug-2024 12:56:46] ERROR: failed to load configuration file '/etc/php/7.3/fpm/php-fpm.conf'
[20-Aug-2024 12:56:46] ERROR: FPM initialization failed
Error: RuntimeException: Failed to get url 'https://api.wordpress.org/core/version-check/1.7/?locale=en_US': stream_socket_client(): unable to connect to ssl://api.wordpress.org:443 (Connection timed out).
Error: This does not seem to be a WordPress installation.
The used path is: /var/www/html/
Pass --path=`path/to/wordpress` or run `wp core download`.
Error: This does not seem to be a WordPress installation.
The used path is: /var/www/html/
Pass --path=`path/to/wordpress` or run `wp core download`.
Error: This does not seem to be a WordPress installation.
The used path is: /var/www/html/
Pass --path=`path/to/wordpress` or run `wp core download`.
Error: This does not seem to be a WordPress installation.
The used path is: /var/www/html/
Pass --path=`path/to/wordpress` or run `wp core download`.
[20-Aug-2024 12:57:00] ERROR: [/etc/php/7.3/fpm/pool.d/wp.conf:1] value is NULL for a ZEND_INI_PARSER_ENTRY
[20-Aug-2024 12:57:00] ERROR: Unable to include /etc/php/7.3/fpm/pool.d/wp.conf from /etc/php/7.3/fpm/php-fpm.conf at line 1
[20-Aug-2024 12:57:00] ERROR: failed to load configuration file '/etc/php/7.3/fpm/php-fpm.conf'
[20-Aug-2024 12:57:00] ERROR: FPM initialization failed
Error: RuntimeException: Failed to get url 'https://api.wordpress.org/core/version-check/1.7/?locale=en_US': stream_socket_client(): unable to connect to ssl://api.wordpress.org:443 (Connection timed out).
Error: This does not seem to be a WordPress installation.
The used path is: /var/www/html/
Pass --path=`path/to/wordpress` or run `wp core download`.
Error: This does not seem to be a WordPress installation.
The used path is: /var/www/html/
Pass --path=`path/to/wordpress` or run `wp core download`.
Error: This does not seem to be a WordPress installation.
The used path is: /var/www/html/
Pass --path=`path/to/wordpress` or run `wp core download`.
Error: This does not seem to be a WordPress installation.
The used path is: /var/www/html/
Pass --path=`path/to/wordpress` or run `wp core download`.
[20-Aug-2024 12:57:13] ERROR: [/etc/php/7.3/fpm/pool.d/wp.conf:1] value is NULL for a ZEND_INI_PARSER_ENTRY
[20-Aug-2024 12:57:13] ERROR: Unable to include /etc/php/7.3/fpm/pool.d/wp.conf from /etc/php/7.3/fpm/php-fpm.conf at line 1
[20-Aug-2024 12:57:13] ERROR: failed to load configuration file '/etc/php/7.3/fpm/php-fpm.conf'
[20-Aug-2024 12:57:13] ERROR: FPM initialization failed
Error: RuntimeException: Failed to get url 'https://api.wordpress.org/core/version-check/1.7/?locale=en_US': stream_socket_client(): unable to connect to ssl://api.wordpress.org:443 (Connection timed out).
Error: This does not seem to be a WordPress installation.
The used path is: /var/www/html/
Pass --path=`path/to/wordpress` or run `wp core download`.
Error: This does not seem to be a WordPress installation.
The used path is: /var/www/html/
Pass --path=`path/to/wordpress` or run `wp core download`.
Error: This does not seem to be a WordPress installation.
The used path is: /var/www/html/
Pass --path=`path/to/wordpress` or run `wp core download`.
Error: This does not seem to be a WordPress installation.
The used path is: /var/www/html/
Pass --path=`path/to/wordpress` or run `wp core download`.
[20-Aug-2024 12:57:27] ERROR: [/etc/php/7.3/fpm/pool.d/wp.conf:1] value is NULL for a ZEND_INI_PARSER_ENTRY
[20-Aug-2024 12:57:27] ERROR: Unable to include /etc/php/7.3/fpm/pool.d/wp.conf from /etc/php/7.3/fpm/php-fpm.conf at line 1
[20-Aug-2024 12:57:27] ERROR: failed to load configuration file '/etc/php/7.3/fpm/php-fpm.conf'
[20-Aug-2024 12:57:27] ERROR: FPM initialization failed
Error: RuntimeException: Failed to get url 'https://api.wordpress.org/core/version-check/1.7/?locale=en_US': stream_socket_client(): unable to connect to ssl://api.wordpress.org:443 (Connection timed out).
Error: This does not seem to be a WordPress installation.
The used path is: /var/www/html/
Pass --path=`path/to/wordpress` or run `wp core download`.
Error: This does not seem to be a WordPress installation.
The used path is: /var/www/html/
Pass --path=`path/to/wordpress` or run `wp core download`.
Error: This does not seem to be a WordPress installation.
The used path is: /var/www/html/
Pass --path=`path/to/wordpress` or run `wp core download`.
Error: This does not seem to be a WordPress installation.
The used path is: /var/www/html/
Pass --path=`path/to/wordpress` or run `wp core download`.
[20-Aug-2024 12:57:40] ERROR: [/etc/php/7.3/fpm/pool.d/wp.conf:1] value is NULL for a ZEND_INI_PARSER_ENTRY
[20-Aug-2024 12:57:40] ERROR: Unable to include /etc/php/7.3/fpm/pool.d/wp.conf from /etc/php/7.3/fpm/php-fpm.conf at line 1
[20-Aug-2024 12:57:40] ERROR: failed to load configuration file '/etc/php/7.3/fpm/php-fpm.conf'
[20-Aug-2024 12:57:40] ERROR: FPM initialization failed
Error: RuntimeException: Failed to get url 'https://api.wordpress.org/core/version-check/1.7/?locale=en_US': stream_socket_client(): unable to connect to ssl://api.wordpress.org:443 (Connection timed out).
Error: This does not seem to be a WordPress installation.
The used path is: /var/www/html/
Pass --path=`path/to/wordpress` or run `wp core download`.
Error: This does not seem to be a WordPress installation.
The used path is: /var/www/html/
Pass --path=`path/to/wordpress` or run `wp core download`.
Error: This does not seem to be a WordPress installation.
The used path is: /var/www/html/
Pass --path=`path/to/wordpress` or run `wp core download`.
Error: This does not seem to be a WordPress installation.
The used path is: /var/www/html/
Pass --path=`path/to/wordpress` or run `wp core download`.
[20-Aug-2024 12:57:54] ERROR: [/etc/php/7.3/fpm/pool.d/wp.conf:1] value is NULL for a ZEND_INI_PARSER_ENTRY
[20-Aug-2024 12:57:54] ERROR: Unable to include /etc/php/7.3/fpm/pool.d/wp.conf from /etc/php/7.3/fpm/php-fpm.conf at line 1
[20-Aug-2024 12:57:54] ERROR: failed to load configuration file '/etc/php/7.3/fpm/php-fpm.conf'
[20-Aug-2024 12:57:54] ERROR: FPM initialization failed
Error: RuntimeException: Failed to get url 'https://api.wordpress.org/core/version-check/1.7/?locale=en_US': stream_socket_client(): unable to connect to ssl://api.wordpress.org:443 (Connection timed out).
Error: This does not seem to be a WordPress installation.
The used path is: /var/www/html/
Pass --path=`path/to/wordpress` or run `wp core download`.
Error: This does not seem to be a WordPress installation.
The used path is: /var/www/html/
Pass --path=`path/to/wordpress` or run `wp core download`.
Error: This does not seem to be a WordPress installation.
The used path is: /var/www/html/
Pass --path=`path/to/wordpress` or run `wp core download`.
Error: This does not seem to be a WordPress installation.
The used path is: /var/www/html/
Pass --path=`path/to/wordpress` or run `wp core download`.
[20-Aug-2024 12:58:07] ERROR: [/etc/php/7.3/fpm/pool.d/wp.conf:1] value is NULL for a ZEND_INI_PARSER_ENTRY
[20-Aug-2024 12:58:07] ERROR: Unable to include /etc/php/7.3/fpm/pool.d/wp.conf from /etc/php/7.3/fpm/php-fpm.conf at line 1
[20-Aug-2024 12:58:07] ERROR: failed to load configuration file '/etc/php/7.3/fpm/php-fpm.conf'
[20-Aug-2024 12:58:07] ERROR: FPM initialization failed
Error: RuntimeException: Failed to get url 'https://api.wordpress.org/core/version-check/1.7/?locale=en_US': stream_socket_client(): unable to connect to ssl://api.wordpress.org:443 (Connection timed out).
Error: This does not seem to be a WordPress installation.
The used path is: /var/www/html/
Pass --path=`path/to/wordpress` or run `wp core download`.
Error: This does not seem to be a WordPress installation.
The used path is: /var/www/html/
Pass --path=`path/to/wordpress` or run `wp core download`.
Error: This does not seem to be a WordPress installation.
The used path is: /var/www/html/
Pass --path=`path/to/wordpress` or run `wp core download`.
Error: This does not seem to be a WordPress installation.
The used path is: /var/www/html/
Pass --path=`path/to/wordpress` or run `wp core download`.
[20-Aug-2024 12:58:20] ERROR: [/etc/php/7.3/fpm/pool.d/wp.conf:1] value is NULL for a ZEND_INI_PARSER_ENTRY
[20-Aug-2024 12:58:20] ERROR: Unable to include /etc/php/7.3/fpm/pool.d/wp.conf from /etc/php/7.3/fpm/php-fpm.conf at line 1
[20-Aug-2024 12:58:20] ERROR: failed to load configuration file '/etc/php/7.3/fpm/php-fpm.conf'
[20-Aug-2024 12:58:20] ERROR: FPM initialization failed
